<?xml version="1.0" encoding="UTF-8"?>
<!-- Generated by org.testng.reporters.JUnitXMLReporter -->
<testsuite ignored="4" hostname="DESKTOP-U1SURV9" failures="1" tests="2" name="Default test(failed)" time="58.857" errors="0" timestamp="2022-10-28T17:06:37 IST">
  <testcase classname="com.vam.TestCases.HomePageTestCases" name="verify_AlertCases" time="17.857"/>
  <testcase classname="com.vam.TestCases.HomePageTestCases" name="verify_PendingItemsCases" time="20.096">
    <failure type="org.openqa.selenium.NoSuchElementException" message="no such element: Unable to locate element: {&amp;quot;method&amp;quot;:&amp;quot;xpath&amp;quot;,&amp;quot;selector&amp;quot;:&amp;quot;//div[@class=&amp;apos;ticklerGrid&amp;apos;]/div/table/tbody/tr[1]/td[1]/a&amp;quot;}
  (Session info: chrome=106.0.5249.119)
For documentation on this error, please visit: https://selenium.dev/exceptions/#no_such_element
Build info: version: &amp;apos;4.5.0&amp;apos;, revision: &amp;apos;fe167b119a&amp;apos;
System info: os.name: &amp;apos;Windows 10&amp;apos;, os.arch: &amp;apos;amd64&amp;apos;, os.version: &amp;apos;10.0&amp;apos;, java.version: &amp;apos;17.0.4.1&amp;apos;
Driver info: org.openqa.selenium.chrome.ChromeDriver
Command: [6736acf3c25f6ba297ceb79e062f8625, findElement {using=xpath, value=//div[@class=&amp;apos;ticklerGrid&amp;apos;]/div/table/tbody/tr[1]/td[1]/a}]
Capabilities {acceptInsecureCerts: false, browserName: chrome, browserVersion: 106.0.5249.119, chrome: {chromedriverVersion: 106.0.5249.61 (511755355844..., userDataDir: C:\Users\admin\AppData\Loca...}, goog:chromeOptions: {debuggerAddress: localhost:54812}, networkConnectionEnabled: false, pageLoadStrategy: normal, platformName: WINDOWS, proxy: Proxy(), se:cdp: ws://localhost:54812/devtoo..., se:cdpVersion: 106.0.5249.119, setWindowRect: true, strictFileInteractability: false, timeouts: {implicit: 0, pageLoad: 300000, script: 30000}, unhandledPromptBehavior: dismiss and notify, webauthn:extension:credBlob: true, webauthn:extension:largeBlob: true, webauthn:virtualAuthenticators: true}
Session ID: 6736acf3c25f6ba297ceb79e062f8625">
      <![CDATA[org.openqa.selenium.NoSuchElementException: no such element: Unable to locate element: {"method":"xpath","selector":"//div[@class='ticklerGrid']/div/table/tbody/tr[1]/td[1]/a"}
  (Session info: chrome=106.0.5249.119)
For documentation on this error, please visit: https://selenium.dev/exceptions/#no_such_element
Build info: version: '4.5.0', revision: 'fe167b119a'
System info: os.name: 'Windows 10', os.arch: 'amd64', os.version: '10.0', java.version: '17.0.4.1'
Driver info: org.openqa.selenium.chrome.ChromeDriver
Command: [6736acf3c25f6ba297ceb79e062f8625, findElement {using=xpath, value=//div[@class='ticklerGrid']/div/table/tbody/tr[1]/td[1]/a}]
Capabilities {acceptInsecureCerts: false, browserName: chrome, browserVersion: 106.0.5249.119, chrome: {chromedriverVersion: 106.0.5249.61 (511755355844..., userDataDir: C:\Users\admin\AppData\Loca...}, goog:chromeOptions: {debuggerAddress: localhost:54812}, networkConnectionEnabled: false, pageLoadStrategy: normal, platformName: WINDOWS, proxy: Proxy(), se:cdp: ws://localhost:54812/devtoo..., se:cdpVersion: 106.0.5249.119, setWindowRect: true, strictFileInteractability: false, timeouts: {implicit: 0, pageLoad: 300000, script: 30000}, unhandledPromptBehavior: dismiss and notify, webauthn:extension:credBlob: true, webauthn:extension:largeBlob: true, webauthn:virtualAuthenticators: true}
Session ID: 6736acf3c25f6ba297ceb79e062f8625
at org.openqa.selenium.remote.codec.w3c.W3CHttpResponseCodec.createException(W3CHttpResponseCodec.java:200)
at org.openqa.selenium.remote.codec.w3c.W3CHttpResponseCodec.decode(W3CHttpResponseCodec.java:133)
at org.openqa.selenium.remote.codec.w3c.W3CHttpResponseCodec.decode(W3CHttpResponseCodec.java:53)
at org.openqa.selenium.remote.HttpCommandExecutor.execute(HttpCommandExecutor.java:184)
at org.openqa.selenium.remote.service.DriverCommandExecutor.invokeExecute(DriverCommandExecutor.java:167)
at org.openqa.selenium.remote.service.DriverCommandExecutor.execute(DriverCommandExecutor.java:142)
at org.openqa.selenium.remote.RemoteWebDriver.execute(RemoteWebDriver.java:547)
at org.openqa.selenium.remote.ElementLocation$ElementFinder$2.findElement(ElementLocation.java:162)
at org.openqa.selenium.remote.ElementLocation.findElement(ElementLocation.java:60)
at org.openqa.selenium.remote.RemoteWebDriver.findElement(RemoteWebDriver.java:365)
at org.openqa.selenium.remote.RemoteWebDriver.findElement(RemoteWebDriver.java:357)
at com.vam.page.BaseClass.findelement(BaseClass.java:70)
at com.vam.pages.HomePage.verifyPendingItemsCases(HomePage.java:99)
at com.vam.TestCases.HomePageTestCases.verify_PendingItemsCases(HomePageTestCases.java:72)
at java.base/java.util.ArrayList.forEach(ArrayList.java:1511)
... Removed 32 stack frames]]>
    </failure>
  </testcase> <!-- verify_PendingItemsCases -->
  <testcase classname="com.vam.TestCases.HomePageTestCases" name="check_FilterAssingedCases1" time="0.0">
    <ignored/>
  </testcase> <!-- check_FilterAssingedCases1 -->
  <testcase classname="com.vam.TestCases.HomePageTestCases" name="verify_PendingItems" time="0.0">
    <ignored/>
  </testcase> <!-- verify_PendingItems -->
  <testcase classname="com.vam.TestCases.HomePageTestCases" name="verify_FlaggedCases" time="0.0">
    <ignored/>
  </testcase> <!-- verify_FlaggedCases -->
  <testcase classname="com.vam.TestCases.HomePageTestCases" name="verify_OpenCases" time="0.0">
    <ignored/>
  </testcase> <!-- verify_OpenCases -->
</testsuite> <!-- Default test(failed) -->
