<html>
<head>
<title>TestNG:  Regression Test</title>
<link href="../testng.css" rel="stylesheet" type="text/css" />
<link href="../my-testng.css" rel="stylesheet" type="text/css" />

<style type="text/css">
.log { display: none;} 
.stack-trace { display: none;} 
</style>
<script type="text/javascript">
<!--
function flip(e) {
  current = e.style.display;
  if (current == 'block') {
    e.style.display = 'none';
    return 0;
  }
  else {
    e.style.display = 'block';
    return 1;
  }
}

function toggleBox(szDivId, elem, msg1, msg2)
{
  var res = -1;  if (document.getElementById) {
    res = flip(document.getElementById(szDivId));
  }
  else if (document.all) {
    // this is the way old msie versions work
    res = flip(document.all[szDivId]);
  }
  if(elem) {
    if(res == 0) elem.innerHTML = msg1; else elem.innerHTML = msg2;
  }

}

function toggleAllBoxes() {
  if (document.getElementsByTagName) {
    d = document.getElementsByTagName('div');
    for (i = 0; i < d.length; i++) {
      if (d[i].className == 'log') {
        flip(d[i]);
      }
    }
  }
}

// -->
</script>

</head>
<body>
<h2 align='center'>Regression Test</h2><table border='1' align="center">
<tr>
<td>Tests passed/Failed/Skipped:</td><td>24/2/0</td>
</tr><tr>
<td>Started on:</td><td>Fri Nov 04 16:28:06 IST 2022</td>
</tr>
<tr><td>Total time:</td><td>515 seconds (515684 ms)</td>
</tr><tr>
<td>Included groups:</td><td></td>
</tr><tr>
<td>Excluded groups:</td><td></td>
</tr>
</table><p/>
<small><i>(Hover the method name to see the test class name)</i></small><p/>
<table width='100%' border='1' class='invocation-failed'>
<tr><td colspan='4' align='center'><b>FAILED TESTS</b></td></tr>
<tr><td><b>Test method</b></td>
<td><b>Attribute(s)</b></td>
<td width="30%"><b>Exception</b></td>
<td width="10%"><b>Time (seconds)</b></td>
<td><b>Instance</b></td>
</tr>
<tr>
<td title='com.vam.TestCases.HomePageTestCases.verify_AlertCases()'><b>verify_AlertCases</b><br>Test class: com.vam.TestCases.HomePageTestCases</td>
<td><div><pre>org.openqa.selenium.StaleElementReferenceException: stale element reference: element is not attached to the page document
  (Session info: chrome=107.0.5304.88)
For documentation on this error, please visit: https://selenium.dev/exceptions/#stale_element_reference
Build info: version: &apos;4.5.0&apos;, revision: &apos;fe167b119a&apos;
System info: os.name: &apos;Windows 10&apos;, os.arch: &apos;amd64&apos;, os.version: &apos;10.0&apos;, java.version: &apos;17.0.4.1&apos;
Driver info: org.openqa.selenium.chrome.ChromeDriver
Command: [f1c1d9d44f2d69d76993165242ce5c16, isElementDisplayed {id=f07ef971-59c2-45ab-b222-ff4329c75ec9}]
Capabilities {acceptInsecureCerts: false, browserName: chrome, browserVersion: 107.0.5304.88, chrome: {chromedriverVersion: 106.0.5249.61 (511755355844..., userDataDir: C:\Users\admin\AppData\Loca...}, goog:chromeOptions: {debuggerAddress: localhost:60305}, networkConnectionEnabled: false, pageLoadStrategy: normal, platformName: WINDOWS, proxy: Proxy(), se:cdp: ws://localhost:60305/devtoo..., se:cdpVersion: 107.0.5304.88, setWindowRect: true, strictFileInteractability: false, timeouts: {implicit: 0, pageLoad: 300000, script: 30000}, unhandledPromptBehavior: dismiss and notify, webauthn:extension:credBlob: true, webauthn:extension:largeBlob: true, webauthn:virtualAuthenticators: true}
Element: [[ChromeDriver: chrome on WINDOWS (f1c1d9d44f2d69d76993165242ce5c16)] -&gt; xpath: //div[@class=&apos;alertCases&apos;]/div/table/tbody/tr[1]/td[1]/a]
Session ID: f1c1d9d44f2d69d76993165242ce5c16
	at org.openqa.selenium.remote.codec.w3c.W3CHttpResponseCodec.createException(W3CHttpResponseCodec.java:200)
	at org.openqa.selenium.remote.codec.w3c.W3CHttpResponseCodec.decode(W3CHttpResponseCodec.java:133)
	at org.openqa.selenium.remote.codec.w3c.W3CHttpResponseCodec.decode(W3CHttpResponseCodec.java:53)
	at org.openqa.selenium.remote.HttpCommandExecutor.execute(HttpCommandExecutor.java:184)
	at org.openqa.selenium.remote.service.DriverCommandExecutor.invokeExecute(DriverCommandExecutor.java:167)
	at org.openqa.selenium.remote.service.DriverCommandExecutor.execute(DriverCommandExecutor.java:142)
	at org.openqa.selenium.remote.RemoteWebDriver.execute(RemoteWebDriver.java:547)
	at org.openqa.selenium.remote.RemoteWebElement.execute(RemoteWebElement.java:257)
	at org.openqa.selenium.remote.RemoteWebElement.isDisplayed(RemoteWebElement.java:313)
	at org.openqa.selenium.support.ui.ExpectedConditions.elementIfVisible(ExpectedConditions.java:307)
	at org.openqa.selenium.support.ui.ExpectedConditions.access$000(ExpectedConditions.java:40)
	at org.openqa.selenium.support.ui.ExpectedConditions$10.apply(ExpectedConditions.java:293)
	at org.openqa.selenium.support.ui.ExpectedConditions$10.apply(ExpectedConditions.java:290)
	at org.openqa.selenium.support.ui.FluentWait.until(FluentWait.java:208)
	at com.vam.pages.HomePage.verifyAlertCases(HomePage.java:83)
	at com.vam.TestCases.HomePageTestCases.verify_AlertCases(HomePageTestCases.java:53)
	at java.base/java.util.ArrayList.forEach(ArrayList.java:1511)
... Removed 32 stack frames</pre></div><a href='#' onClick='toggleBox("stack-trace610700123", this, "Click to show all stack frames", "Click to hide stack frames")'>Click to show all stack frames</a>
<div class='stack-trace' id='stack-trace610700123'><pre>org.openqa.selenium.StaleElementReferenceException: stale element reference: element is not attached to the page document
  (Session info: chrome=107.0.5304.88)
For documentation on this error, please visit: https://selenium.dev/exceptions/#stale_element_reference
Build info: version: &apos;4.5.0&apos;, revision: &apos;fe167b119a&apos;
System info: os.name: &apos;Windows 10&apos;, os.arch: &apos;amd64&apos;, os.version: &apos;10.0&apos;, java.version: &apos;17.0.4.1&apos;
Driver info: org.openqa.selenium.chrome.ChromeDriver
Command: [f1c1d9d44f2d69d76993165242ce5c16, isElementDisplayed {id=f07ef971-59c2-45ab-b222-ff4329c75ec9}]
Capabilities {acceptInsecureCerts: false, browserName: chrome, browserVersion: 107.0.5304.88, chrome: {chromedriverVersion: 106.0.5249.61 (511755355844..., userDataDir: C:\Users\admin\AppData\Loca...}, goog:chromeOptions: {debuggerAddress: localhost:60305}, networkConnectionEnabled: false, pageLoadStrategy: normal, platformName: WINDOWS, proxy: Proxy(), se:cdp: ws://localhost:60305/devtoo..., se:cdpVersion: 107.0.5304.88, setWindowRect: true, strictFileInteractability: false, timeouts: {implicit: 0, pageLoad: 300000, script: 30000}, unhandledPromptBehavior: dismiss and notify, webauthn:extension:credBlob: true, webauthn:extension:largeBlob: true, webauthn:virtualAuthenticators: true}
Element: [[ChromeDriver: chrome on WINDOWS (f1c1d9d44f2d69d76993165242ce5c16)] -&gt; xpath: //div[@class=&apos;alertCases&apos;]/div/table/tbody/tr[1]/td[1]/a]
Session ID: f1c1d9d44f2d69d76993165242ce5c16
	at java.base/jdk.internal.reflect.NativeConstructorAccessorImpl.newInstance0(Native Method)
	at java.base/jdk.internal.reflect.NativeConstructorAccessorImpl.newInstance(NativeConstructorAccessorImpl.java:77)
	at java.base/jdk.internal.reflect.DelegatingConstructorAccessorImpl.newInstance(DelegatingConstructorAccessorImpl.java:45)
	at java.base/java.lang.reflect.Constructor.newInstanceWithCaller(Constructor.java:499)
	at java.base/java.lang.reflect.Constructor.newInstance(Constructor.java:480)
	at org.openqa.selenium.remote.codec.w3c.W3CHttpResponseCodec.createException(W3CHttpResponseCodec.java:200)
	at org.openqa.selenium.remote.codec.w3c.W3CHttpResponseCodec.decode(W3CHttpResponseCodec.java:133)
	at org.openqa.selenium.remote.codec.w3c.W3CHttpResponseCodec.decode(W3CHttpResponseCodec.java:53)
	at org.openqa.selenium.remote.HttpCommandExecutor.execute(HttpCommandExecutor.java:184)
	at org.openqa.selenium.remote.service.DriverCommandExecutor.invokeExecute(DriverCommandExecutor.java:167)
	at org.openqa.selenium.remote.service.DriverCommandExecutor.execute(DriverCommandExecutor.java:142)
	at org.openqa.selenium.remote.RemoteWebDriver.execute(RemoteWebDriver.java:547)
	at org.openqa.selenium.remote.RemoteWebElement.execute(RemoteWebElement.java:257)
	at org.openqa.selenium.remote.RemoteWebElement.isDisplayed(RemoteWebElement.java:313)
	at org.openqa.selenium.support.ui.ExpectedConditions.elementIfVisible(ExpectedConditions.java:307)
	at org.openqa.selenium.support.ui.ExpectedConditions.access$000(ExpectedConditions.java:40)
	at org.openqa.selenium.support.ui.ExpectedConditions$10.apply(ExpectedConditions.java:293)
	at org.openqa.selenium.support.ui.ExpectedConditions$10.apply(ExpectedConditions.java:290)
	at org.openqa.selenium.support.ui.FluentWait.until(FluentWait.java:208)
	at com.vam.pages.HomePage.verifyAlertCases(HomePage.java:83)
	at com.vam.TestCases.HomePageTestCases.verify_AlertCases(HomePageTestCases.java:53)
	at java.base/jdk.internal.reflect.NativeMethodAccessorImpl.invoke0(Native Method)
	at java.base/jdk.internal.reflect.NativeMethodAccessorImpl.invoke(NativeMethodAccessorImpl.java:77)
	at java.base/jdk.internal.reflect.DelegatingMethodAccessorImpl.invoke(DelegatingMethodAccessorImpl.java:43)
	at java.base/java.lang.reflect.Method.invoke(Method.java:568)
	at org.testng.internal.invokers.MethodInvocationHelper.invokeMethod(MethodInvocationHelper.java:139)
	at org.testng.internal.invokers.TestInvoker.invokeMethod(TestInvoker.java:677)
	at org.testng.internal.invokers.TestInvoker.invokeTestMethod(TestInvoker.java:221)
	at org.testng.internal.invokers.MethodRunner.runInSequence(MethodRunner.java:50)
	at org.testng.internal.invokers.TestInvoker$MethodInvocationAgent.invoke(TestInvoker.java:962)
	at org.testng.internal.invokers.TestInvoker.invokeTestMethods(TestInvoker.java:194)
	at org.testng.internal.invokers.TestMethodWorker.invokeTestMethods(TestMethodWorker.java:148)
	at org.testng.internal.invokers.TestMethodWorker.run(TestMethodWorker.java:128)
	at java.base/java.util.ArrayList.forEach(ArrayList.java:1511)
	at org.testng.TestRunner.privateRun(TestRunner.java:806)
	at org.testng.TestRunner.run(TestRunner.java:601)
	at org.testng.SuiteRunner.runTest(SuiteRunner.java:433)
	at org.testng.SuiteRunner.runSequentially(SuiteRunner.java:427)
	at org.testng.SuiteRunner.privateRun(SuiteRunner.java:387)
	at org.testng.SuiteRunner.run(SuiteRunner.java:330)
	at org.testng.SuiteRunnerWorker.runSuite(SuiteRunnerWorker.java:52)
	at org.testng.SuiteRunnerWorker.run(SuiteRunnerWorker.java:95)
	at org.testng.TestNG.runSuitesSequentially(TestNG.java:1256)
	at org.testng.TestNG.runSuitesLocally(TestNG.java:1176)
	at org.testng.TestNG.runSuites(TestNG.java:1099)
	at org.testng.TestNG.run(TestNG.java:1067)
	at org.testng.remote.AbstractRemoteTestNG.run(AbstractRemoteTestNG.java:115)
	at org.testng.remote.RemoteTestNG.initAndRun(RemoteTestNG.java:251)
	at org.testng.remote.RemoteTestNG.main(RemoteTestNG.java:77)
</pre></div></td>
<td>0</td>
<td>com.vam.TestCases.HomePageTestCases@36c54a56</td></tr>
<tr>
<td title='com.vam.TestCases.LoginPageTestCase.testlogin()'><b>testlogin</b><br>Test class: com.vam.TestCases.LoginPageTestCase</td>
<td><div><pre>org.openqa.selenium.NoSuchElementException: no such element: Unable to locate element: {&quot;method&quot;:&quot;xpath&quot;,&quot;selector&quot;:&quot;//input[@id=&apos;username&apos;]&quot;}
  (Session info: chrome=107.0.5304.88)
For documentation on this error, please visit: https://selenium.dev/exceptions/#no_such_element
Build info: version: &apos;4.5.0&apos;, revision: &apos;fe167b119a&apos;
System info: os.name: &apos;Windows 10&apos;, os.arch: &apos;amd64&apos;, os.version: &apos;10.0&apos;, java.version: &apos;17.0.4.1&apos;
Driver info: org.openqa.selenium.chrome.ChromeDriver
Command: [f1c1d9d44f2d69d76993165242ce5c16, findElement {using=xpath, value=//input[@id=&apos;username&apos;]}]
Capabilities {acceptInsecureCerts: false, browserName: chrome, browserVersion: 107.0.5304.88, chrome: {chromedriverVersion: 106.0.5249.61 (511755355844..., userDataDir: C:\Users\admin\AppData\Loca...}, goog:chromeOptions: {debuggerAddress: localhost:60305}, networkConnectionEnabled: false, pageLoadStrategy: normal, platformName: WINDOWS, proxy: Proxy(), se:cdp: ws://localhost:60305/devtoo..., se:cdpVersion: 107.0.5304.88, setWindowRect: true, strictFileInteractability: false, timeouts: {implicit: 0, pageLoad: 300000, script: 30000}, unhandledPromptBehavior: dismiss and notify, webauthn:extension:credBlob: true, webauthn:extension:largeBlob: true, webauthn:virtualAuthenticators: true}
Session ID: f1c1d9d44f2d69d76993165242ce5c16
	at org.openqa.selenium.remote.codec.w3c.W3CHttpResponseCodec.createException(W3CHttpResponseCodec.java:200)
	at org.openqa.selenium.remote.codec.w3c.W3CHttpResponseCodec.decode(W3CHttpResponseCodec.java:133)
	at org.openqa.selenium.remote.codec.w3c.W3CHttpResponseCodec.decode(W3CHttpResponseCodec.java:53)
	at org.openqa.selenium.remote.HttpCommandExecutor.execute(HttpCommandExecutor.java:184)
	at org.openqa.selenium.remote.service.DriverCommandExecutor.invokeExecute(DriverCommandExecutor.java:167)
	at org.openqa.selenium.remote.service.DriverCommandExecutor.execute(DriverCommandExecutor.java:142)
	at org.openqa.selenium.remote.RemoteWebDriver.execute(RemoteWebDriver.java:547)
	at org.openqa.selenium.remote.ElementLocation$ElementFinder$2.findElement(ElementLocation.java:162)
	at org.openqa.selenium.remote.ElementLocation.findElement(ElementLocation.java:60)
	at org.openqa.selenium.remote.RemoteWebDriver.findElement(RemoteWebDriver.java:365)
	at org.openqa.selenium.remote.RemoteWebDriver.findElement(RemoteWebDriver.java:357)
	at com.vam.page.BaseClass.sendKeys(BaseClass.java:61)
	at com.vam.pages.LoginPage.login(LoginPage.java:19)
	at com.vam.TestCases.LoginPageTestCase.testlogin(LoginPageTestCase.java:40)
	at java.base/java.util.ArrayList.forEach(ArrayList.java:1511)
... Removed 32 stack frames</pre></div><a href='#' onClick='toggleBox("stack-trace948110109", this, "Click to show all stack frames", "Click to hide stack frames")'>Click to show all stack frames</a>
<div class='stack-trace' id='stack-trace948110109'><pre>org.openqa.selenium.NoSuchElementException: no such element: Unable to locate element: {&quot;method&quot;:&quot;xpath&quot;,&quot;selector&quot;:&quot;//input[@id=&apos;username&apos;]&quot;}
  (Session info: chrome=107.0.5304.88)
For documentation on this error, please visit: https://selenium.dev/exceptions/#no_such_element
Build info: version: &apos;4.5.0&apos;, revision: &apos;fe167b119a&apos;
System info: os.name: &apos;Windows 10&apos;, os.arch: &apos;amd64&apos;, os.version: &apos;10.0&apos;, java.version: &apos;17.0.4.1&apos;
Driver info: org.openqa.selenium.chrome.ChromeDriver
Command: [f1c1d9d44f2d69d76993165242ce5c16, findElement {using=xpath, value=//input[@id=&apos;username&apos;]}]
Capabilities {acceptInsecureCerts: false, browserName: chrome, browserVersion: 107.0.5304.88, chrome: {chromedriverVersion: 106.0.5249.61 (511755355844..., userDataDir: C:\Users\admin\AppData\Loca...}, goog:chromeOptions: {debuggerAddress: localhost:60305}, networkConnectionEnabled: false, pageLoadStrategy: normal, platformName: WINDOWS, proxy: Proxy(), se:cdp: ws://localhost:60305/devtoo..., se:cdpVersion: 107.0.5304.88, setWindowRect: true, strictFileInteractability: false, timeouts: {implicit: 0, pageLoad: 300000, script: 30000}, unhandledPromptBehavior: dismiss and notify, webauthn:extension:credBlob: true, webauthn:extension:largeBlob: true, webauthn:virtualAuthenticators: true}
Session ID: f1c1d9d44f2d69d76993165242ce5c16
	at java.base/jdk.internal.reflect.NativeConstructorAccessorImpl.newInstance0(Native Method)
	at java.base/jdk.internal.reflect.NativeConstructorAccessorImpl.newInstance(NativeConstructorAccessorImpl.java:77)
	at java.base/jdk.internal.reflect.DelegatingConstructorAccessorImpl.newInstance(DelegatingConstructorAccessorImpl.java:45)
	at java.base/java.lang.reflect.Constructor.newInstanceWithCaller(Constructor.java:499)
	at java.base/java.lang.reflect.Constructor.newInstance(Constructor.java:480)
	at org.openqa.selenium.remote.codec.w3c.W3CHttpResponseCodec.createException(W3CHttpResponseCodec.java:200)
	at org.openqa.selenium.remote.codec.w3c.W3CHttpResponseCodec.decode(W3CHttpResponseCodec.java:133)
	at org.openqa.selenium.remote.codec.w3c.W3CHttpResponseCodec.decode(W3CHttpResponseCodec.java:53)
	at org.openqa.selenium.remote.HttpCommandExecutor.execute(HttpCommandExecutor.java:184)
	at org.openqa.selenium.remote.service.DriverCommandExecutor.invokeExecute(DriverCommandExecutor.java:167)
	at org.openqa.selenium.remote.service.DriverCommandExecutor.execute(DriverCommandExecutor.java:142)
	at org.openqa.selenium.remote.RemoteWebDriver.execute(RemoteWebDriver.java:547)
	at org.openqa.selenium.remote.ElementLocation$ElementFinder$2.findElement(ElementLocation.java:162)
	at org.openqa.selenium.remote.ElementLocation.findElement(ElementLocation.java:60)
	at org.openqa.selenium.remote.RemoteWebDriver.findElement(RemoteWebDriver.java:365)
	at org.openqa.selenium.remote.RemoteWebDriver.findElement(RemoteWebDriver.java:357)
	at com.vam.page.BaseClass.sendKeys(BaseClass.java:61)
	at com.vam.pages.LoginPage.login(LoginPage.java:19)
	at com.vam.TestCases.LoginPageTestCase.testlogin(LoginPageTestCase.java:40)
	at java.base/jdk.internal.reflect.NativeMethodAccessorImpl.invoke0(Native Method)
	at java.base/jdk.internal.reflect.NativeMethodAccessorImpl.invoke(NativeMethodAccessorImpl.java:77)
	at java.base/jdk.internal.reflect.DelegatingMethodAccessorImpl.invoke(DelegatingMethodAccessorImpl.java:43)
	at java.base/java.lang.reflect.Method.invoke(Method.java:568)
	at org.testng.internal.invokers.MethodInvocationHelper.invokeMethod(MethodInvocationHelper.java:139)
	at org.testng.internal.invokers.TestInvoker.invokeMethod(TestInvoker.java:677)
	at org.testng.internal.invokers.TestInvoker.invokeTestMethod(TestInvoker.java:221)
	at org.testng.internal.invokers.MethodRunner.runInSequence(MethodRunner.java:50)
	at org.testng.internal.invokers.TestInvoker$MethodInvocationAgent.invoke(TestInvoker.java:962)
	at org.testng.internal.invokers.TestInvoker.invokeTestMethods(TestInvoker.java:194)
	at org.testng.internal.invokers.TestMethodWorker.invokeTestMethods(TestMethodWorker.java:148)
	at org.testng.internal.invokers.TestMethodWorker.run(TestMethodWorker.java:128)
	at java.base/java.util.ArrayList.forEach(ArrayList.java:1511)
	at org.testng.TestRunner.privateRun(TestRunner.java:806)
	at org.testng.TestRunner.run(TestRunner.java:601)
	at org.testng.SuiteRunner.runTest(SuiteRunner.java:433)
	at org.testng.SuiteRunner.runSequentially(SuiteRunner.java:427)
	at org.testng.SuiteRunner.privateRun(SuiteRunner.java:387)
	at org.testng.SuiteRunner.run(SuiteRunner.java:330)
	at org.testng.SuiteRunnerWorker.runSuite(SuiteRunnerWorker.java:52)
	at org.testng.SuiteRunnerWorker.run(SuiteRunnerWorker.java:95)
	at org.testng.TestNG.runSuitesSequentially(TestNG.java:1256)
	at org.testng.TestNG.runSuitesLocally(TestNG.java:1176)
	at org.testng.TestNG.runSuites(TestNG.java:1099)
	at org.testng.TestNG.run(TestNG.java:1067)
	at org.testng.remote.AbstractRemoteTestNG.run(AbstractRemoteTestNG.java:115)
	at org.testng.remote.RemoteTestNG.initAndRun(RemoteTestNG.java:251)
	at org.testng.remote.RemoteTestNG.main(RemoteTestNG.java:77)
</pre></div></td>
<td>10</td>
<td>com.vam.TestCases.LoginPageTestCase@56bc3fac</td></tr>
</table><p>
<table width='100%' border='1' class='invocation-passed'>
<tr><td colspan='4' align='center'><b>PASSED TESTS</b></td></tr>
<tr><td><b>Test method</b></td>
<td><b>Attribute(s)</b></td>
<td width="30%"><b>Exception</b></td>
<td width="10%"><b>Time (seconds)</b></td>
<td><b>Instance</b></td>
</tr>
<tr>
<td title='com.vam.TestCases.HomePageTestCases.verify_FlaggedCases()'><b>verify_FlaggedCases</b><br>Test class: com.vam.TestCases.HomePageTestCases</td>
<td></td>
<td>0</td>
<td>com.vam.TestCases.HomePageTestCases@36c54a56</td></tr>
<tr>
<td title='com.vam.TestCases.HomePageTestCases.verify_PendingItems()'><b>verify_PendingItems</b><br>Test class: com.vam.TestCases.HomePageTestCases</td>
<td></td>
<td>3</td>
<td>com.vam.TestCases.HomePageTestCases@36c54a56</td></tr>
<tr>
<td title='com.vam.TestCases.MemberPageTestCases.Add_MemberCoverage()'><b>Add_MemberCoverage</b><br>Test class: com.vam.TestCases.MemberPageTestCases</td>
<td></td>
<td>30</td>
<td>com.vam.TestCases.MemberPageTestCases@7ba63fe5</td></tr>
<tr>
<td title='com.vam.TestCases.HomePageTestCases.check_FilterAssingedCases()'><b>check_FilterAssingedCases</b><br>Test class: com.vam.TestCases.HomePageTestCases</td>
<td></td>
<td>17</td>
<td>com.vam.TestCases.HomePageTestCases@36c54a56</td></tr>
<tr>
<td title='com.vam.TestCases.AgentPageTestCases.click_NewAgentButton()'><b>click_NewAgentButton</b><br>Test class: com.vam.TestCases.AgentPageTestCases</td>
<td></td>
<td>1</td>
<td>com.vam.TestCases.AgentPageTestCases@3359c978</td></tr>
<tr>
<td title='com.vam.TestCases.AgentPageTestCases.check_NewAgentButton()'><b>check_NewAgentButton</b><br>Test class: com.vam.TestCases.AgentPageTestCases</td>
<td></td>
<td>1</td>
<td>com.vam.TestCases.AgentPageTestCases@3359c978</td></tr>
<tr>
<td title='com.vam.TestCases.HomePageTestCases.verify_PendingItemsCases()'><b>verify_PendingItemsCases</b><br>Test class: com.vam.TestCases.HomePageTestCases</td>
<td></td>
<td>11</td>
<td>com.vam.TestCases.HomePageTestCases@36c54a56</td></tr>
<tr>
<td title='com.vam.TestCases.MemberPageTestCases.verify_Add_Address_MemberCoverage()'><b>verify_Add_Address_MemberCoverage</b><br>Test class: com.vam.TestCases.MemberPageTestCases</td>
<td></td>
<td>39</td>
<td>com.vam.TestCases.MemberPageTestCases@7ba63fe5</td></tr>
<tr>
<td title='com.vam.TestCases.MemberPageTestCases.verify_edit_Member_Information()'><b>verify_edit_Member_Information</b><br>Test class: com.vam.TestCases.MemberPageTestCases</td>
<td></td>
<td>7</td>
<td>com.vam.TestCases.MemberPageTestCases@7ba63fe5</td></tr>
<tr>
<td title='com.vam.TestCases.MemberPageTestCases.verify_Edit_Member_Information_BlankError()'><b>verify_Edit_Member_Information_BlankError</b><br>Test class: com.vam.TestCases.MemberPageTestCases</td>
<td></td>
<td>10</td>
<td>com.vam.TestCases.MemberPageTestCases@7ba63fe5</td></tr>
<tr>
<td title='com.vam.TestCases.MemberPageTestCases.click_NewMemberButton()'><b>click_NewMemberButton</b><br>Test class: com.vam.TestCases.MemberPageTestCases</td>
<td></td>
<td>1</td>
<td>com.vam.TestCases.MemberPageTestCases@7ba63fe5</td></tr>
<tr>
<td title='com.vam.TestCases.MemberPageTestCases.check_Add_Address_MemberCoverage_blankerror()'><b>check_Add_Address_MemberCoverage_blankerror</b><br>Test class: com.vam.TestCases.MemberPageTestCases</td>
<td></td>
<td>22</td>
<td>com.vam.TestCases.MemberPageTestCases@7ba63fe5</td></tr>
<tr>
<td title='com.vam.TestCases.HomePageTestCases.verify_OpenCases()'><b>verify_OpenCases</b><br>Test class: com.vam.TestCases.HomePageTestCases</td>
<td></td>
<td>23</td>
<td>com.vam.TestCases.HomePageTestCases@36c54a56</td></tr>
<tr>
<td title='com.vam.TestCases.MemberPageTestCases.check_AddMemberCoverageButton()'><b>check_AddMemberCoverageButton</b><br>Test class: com.vam.TestCases.MemberPageTestCases</td>
<td></td>
<td>18</td>
<td>com.vam.TestCases.MemberPageTestCases@7ba63fe5</td></tr>
<tr>
<td title='com.vam.TestCases.AgentPageTestCases.verify_CancleButton()'><b>verify_CancleButton</b><br>Test class: com.vam.TestCases.AgentPageTestCases</td>
<td></td>
<td>6</td>
<td>com.vam.TestCases.AgentPageTestCases@3359c978</td></tr>
<tr>
<td title='com.vam.TestCases.AgentPageTestCases.verify_addingInvalidDataonNewAgentPopup()'><b>verify_addingInvalidDataonNewAgentPopup</b><br>Test class: com.vam.TestCases.AgentPageTestCases</td>
<td></td>
<td>17</td>
<td>com.vam.TestCases.AgentPageTestCases@3359c978</td></tr>
<tr>
<td title='com.vam.TestCases.MemberPageTestCases.check_NewMemberButton()'><b>check_NewMemberButton</b><br>Test class: com.vam.TestCases.MemberPageTestCases</td>
<td></td>
<td>1</td>
<td>com.vam.TestCases.MemberPageTestCases@7ba63fe5</td></tr>
<tr>
<td title='com.vam.TestCases.MemberPageTestCases.verify_ErrorOnBlankMantoryFields()'><b>verify_ErrorOnBlankMantoryFields</b><br>Test class: com.vam.TestCases.MemberPageTestCases</td>
<td></td>
<td>5</td>
<td>com.vam.TestCases.MemberPageTestCases@7ba63fe5</td></tr>
<tr>
<td title='com.vam.TestCases.MemberPageTestCases.check_AddMemberCoverage_Blankerror()'><b>check_AddMemberCoverage_Blankerror</b><br>Test class: com.vam.TestCases.MemberPageTestCases</td>
<td></td>
<td>25</td>
<td>com.vam.TestCases.MemberPageTestCases@7ba63fe5</td></tr>
<tr>
<td title='com.vam.TestCases.AuthorizationPageTestCases.verify_add_new_Authorization()'><b>verify_add_new_Authorization</b><br>Test class: com.vam.TestCases.AuthorizationPageTestCases</td>
<td></td>
<td>13</td>
<td>com.vam.TestCases.AuthorizationPageTestCases@1f9d6c7b</td></tr>
<tr>
<td title='com.vam.TestCases.AgentPageTestCases.verify_ErrorOnBlankMantoryFields()'><b>verify_ErrorOnBlankMantoryFields</b><br>Test class: com.vam.TestCases.AgentPageTestCases</td>
<td></td>
<td>21</td>
<td>com.vam.TestCases.AgentPageTestCases@3359c978</td></tr>
<tr>
<td title='com.vam.TestCases.AgentPageTestCases.verify_AddNewAgent()'><b>verify_AddNewAgent</b><br>Test class: com.vam.TestCases.AgentPageTestCases</td>
<td></td>
<td>12</td>
<td>com.vam.TestCases.AgentPageTestCases@3359c978</td></tr>
<tr>
<td title='com.vam.TestCases.MemberPageTestCases.verify_Add_Coverage_Address_OnNewMemberwindow()'><b>verify_Add_Coverage_Address_OnNewMemberwindow</b><br>Test class: com.vam.TestCases.MemberPageTestCases</td>
<td></td>
<td>38</td>
<td>com.vam.TestCases.MemberPageTestCases@7ba63fe5</td></tr>
<tr>
<td title='com.vam.TestCases.AgentPageTestCases.verify_EditAgent()'><b>verify_EditAgent</b><br>Test class: com.vam.TestCases.AgentPageTestCases</td>
<td></td>
<td>11</td>
<td>com.vam.TestCases.AgentPageTestCases@3359c978</td></tr>
</table><p>
</body>
</html>