<?xml version="1.0" encoding="UTF-8"?>
<!-- Generated by org.testng.reporters.JUnitXMLReporter -->
<testsuite ignored="1" hostname="DESKTOP-U1SURV9" failures="2" tests="26" name="Regression Test" time="515.684" errors="0" timestamp="2022-11-04T16:36:42 IST">
  <testcase classname="com.vam.TestCases.LoginPageTestCase" name="testlogin" time="10.121">
    <failure type="org.openqa.selenium.NoSuchElementException" message="no such element: Unable to locate element: {&amp;quot;method&amp;quot;:&amp;quot;xpath&amp;quot;,&amp;quot;selector&amp;quot;:&amp;quot;//input[@id=&amp;apos;username&amp;apos;]&amp;quot;}
  (Session info: chrome=107.0.5304.88)
For documentation on this error, please visit: https://selenium.dev/exceptions/#no_such_element
Build info: version: &amp;apos;4.5.0&amp;apos;, revision: &amp;apos;fe167b119a&amp;apos;
System info: os.name: &amp;apos;Windows 10&amp;apos;, os.arch: &amp;apos;amd64&amp;apos;, os.version: &amp;apos;10.0&amp;apos;, java.version: &amp;apos;17.0.4.1&amp;apos;
Driver info: org.openqa.selenium.chrome.ChromeDriver
Command: [f1c1d9d44f2d69d76993165242ce5c16, findElement {using=xpath, value=//input[@id=&amp;apos;username&amp;apos;]}]
Capabilities {acceptInsecureCerts: false, browserName: chrome, browserVersion: 107.0.5304.88, chrome: {chromedriverVersion: 106.0.5249.61 (511755355844..., userDataDir: C:\Users\admin\AppData\Loca...}, goog:chromeOptions: {debuggerAddress: localhost:60305}, networkConnectionEnabled: false, pageLoadStrategy: normal, platformName: WINDOWS, proxy: Proxy(), se:cdp: ws://localhost:60305/devtoo..., se:cdpVersion: 107.0.5304.88, setWindowRect: true, strictFileInteractability: false, timeouts: {implicit: 0, pageLoad: 300000, script: 30000}, unhandledPromptBehavior: dismiss and notify, webauthn:extension:credBlob: true, webauthn:extension:largeBlob: true, webauthn:virtualAuthenticators: true}
Session ID: f1c1d9d44f2d69d76993165242ce5c16">
      <![CDATA[org.openqa.selenium.NoSuchElementException: no such element: Unable to locate element: {"method":"xpath","selector":"//input[@id='username']"}
  (Session info: chrome=107.0.5304.88)
For documentation on this error, please visit: https://selenium.dev/exceptions/#no_such_element
Build info: version: '4.5.0', revision: 'fe167b119a'
System info: os.name: 'Windows 10', os.arch: 'amd64', os.version: '10.0', java.version: '17.0.4.1'
Driver info: org.openqa.selenium.chrome.ChromeDriver
Command: [f1c1d9d44f2d69d76993165242ce5c16, findElement {using=xpath, value=//input[@id='username']}]
Capabilities {acceptInsecureCerts: false, browserName: chrome, browserVersion: 107.0.5304.88, chrome: {chromedriverVersion: 106.0.5249.61 (511755355844..., userDataDir: C:\Users\admin\AppData\Loca...}, goog:chromeOptions: {debuggerAddress: localhost:60305}, networkConnectionEnabled: false, pageLoadStrategy: normal, platformName: WINDOWS, proxy: Proxy(), se:cdp: ws://localhost:60305/devtoo..., se:cdpVersion: 107.0.5304.88, setWindowRect: true, strictFileInteractability: false, timeouts: {implicit: 0, pageLoad: 300000, script: 30000}, unhandledPromptBehavior: dismiss and notify, webauthn:extension:credBlob: true, webauthn:extension:largeBlob: true, webauthn:virtualAuthenticators: true}
Session ID: f1c1d9d44f2d69d76993165242ce5c16
at org.openqa.selenium.remote.codec.w3c.W3CHttpResponseCodec.createException(W3CHttpResponseCodec.java:200)
at org.openqa.selenium.remote.codec.w3c.W3CHttpResponseCodec.decode(W3CHttpResponseCodec.java:133)
at org.openqa.selenium.remote.codec.w3c.W3CHttpResponseCodec.decode(W3CHttpResponseCodec.java:53)
at org.openqa.selenium.remote.HttpCommandExecutor.execute(HttpCommandExecutor.java:184)
at org.openqa.selenium.remote.service.DriverCommandExecutor.invokeExecute(DriverCommandExecutor.java:167)
at org.openqa.selenium.remote.service.DriverCommandExecutor.execute(DriverCommandExecutor.java:142)
at org.openqa.selenium.remote.RemoteWebDriver.execute(RemoteWebDriver.java:547)
at org.openqa.selenium.remote.ElementLocation$ElementFinder$2.findElement(ElementLocation.java:162)
at org.openqa.selenium.remote.ElementLocation.findElement(ElementLocation.java:60)
at org.openqa.selenium.remote.RemoteWebDriver.findElement(RemoteWebDriver.java:365)
at org.openqa.selenium.remote.RemoteWebDriver.findElement(RemoteWebDriver.java:357)
at com.vam.page.BaseClass.sendKeys(BaseClass.java:61)
at com.vam.pages.LoginPage.login(LoginPage.java:19)
at com.vam.TestCases.LoginPageTestCase.testlogin(LoginPageTestCase.java:40)
at java.base/java.util.ArrayList.forEach(ArrayList.java:1511)
... Removed 32 stack frames]]>
    </failure>
  </testcase> <!-- testlogin -->
  <testcase classname="com.vam.TestCases.HomePageTestCases" name="check_FilterAssingedCases" time="17.168"/>
  <testcase classname="com.vam.TestCases.HomePageTestCases" name="verify_OpenCases" time="23.831"/>
  <testcase classname="com.vam.TestCases.HomePageTestCases" name="verify_FlaggedCases" time="0.323"/>
  <testcase classname="com.vam.TestCases.HomePageTestCases" name="verify_AlertCases" time="0.828">
    <failure type="org.openqa.selenium.StaleElementReferenceException" message="stale element reference: element is not attached to the page document
  (Session info: chrome=107.0.5304.88)
For documentation on this error, please visit: https://selenium.dev/exceptions/#stale_element_reference
Build info: version: &amp;apos;4.5.0&amp;apos;, revision: &amp;apos;fe167b119a&amp;apos;
System info: os.name: &amp;apos;Windows 10&amp;apos;, os.arch: &amp;apos;amd64&amp;apos;, os.version: &amp;apos;10.0&amp;apos;, java.version: &amp;apos;17.0.4.1&amp;apos;
Driver info: org.openqa.selenium.chrome.ChromeDriver
Command: [f1c1d9d44f2d69d76993165242ce5c16, isElementDisplayed {id=f07ef971-59c2-45ab-b222-ff4329c75ec9}]
Capabilities {acceptInsecureCerts: false, browserName: chrome, browserVersion: 107.0.5304.88, chrome: {chromedriverVersion: 106.0.5249.61 (511755355844..., userDataDir: C:\Users\admin\AppData\Loca...}, goog:chromeOptions: {debuggerAddress: localhost:60305}, networkConnectionEnabled: false, pageLoadStrategy: normal, platformName: WINDOWS, proxy: Proxy(), se:cdp: ws://localhost:60305/devtoo..., se:cdpVersion: 107.0.5304.88, setWindowRect: true, strictFileInteractability: false, timeouts: {implicit: 0, pageLoad: 300000, script: 30000}, unhandledPromptBehavior: dismiss and notify, webauthn:extension:credBlob: true, webauthn:extension:largeBlob: true, webauthn:virtualAuthenticators: true}
Element: [[ChromeDriver: chrome on WINDOWS (f1c1d9d44f2d69d76993165242ce5c16)] -&amp;gt; xpath: //div[@class=&amp;apos;alertCases&amp;apos;]/div/table/tbody/tr[1]/td[1]/a]
Session ID: f1c1d9d44f2d69d76993165242ce5c16">
      <![CDATA[org.openqa.selenium.StaleElementReferenceException: stale element reference: element is not attached to the page document
  (Session info: chrome=107.0.5304.88)
For documentation on this error, please visit: https://selenium.dev/exceptions/#stale_element_reference
Build info: version: '4.5.0', revision: 'fe167b119a'
System info: os.name: 'Windows 10', os.arch: 'amd64', os.version: '10.0', java.version: '17.0.4.1'
Driver info: org.openqa.selenium.chrome.ChromeDriver
Command: [f1c1d9d44f2d69d76993165242ce5c16, isElementDisplayed {id=f07ef971-59c2-45ab-b222-ff4329c75ec9}]
Capabilities {acceptInsecureCerts: false, browserName: chrome, browserVersion: 107.0.5304.88, chrome: {chromedriverVersion: 106.0.5249.61 (511755355844..., userDataDir: C:\Users\admin\AppData\Loca...}, goog:chromeOptions: {debuggerAddress: localhost:60305}, networkConnectionEnabled: false, pageLoadStrategy: normal, platformName: WINDOWS, proxy: Proxy(), se:cdp: ws://localhost:60305/devtoo..., se:cdpVersion: 107.0.5304.88, setWindowRect: true, strictFileInteractability: false, timeouts: {implicit: 0, pageLoad: 300000, script: 30000}, unhandledPromptBehavior: dismiss and notify, webauthn:extension:credBlob: true, webauthn:extension:largeBlob: true, webauthn:virtualAuthenticators: true}
Element: [[ChromeDriver: chrome on WINDOWS (f1c1d9d44f2d69d76993165242ce5c16)] -> xpath: //div[@class='alertCases']/div/table/tbody/tr[1]/td[1]/a]
Session ID: f1c1d9d44f2d69d76993165242ce5c16
at org.openqa.selenium.remote.codec.w3c.W3CHttpResponseCodec.createException(W3CHttpResponseCodec.java:200)
at org.openqa.selenium.remote.codec.w3c.W3CHttpResponseCodec.decode(W3CHttpResponseCodec.java:133)
at org.openqa.selenium.remote.codec.w3c.W3CHttpResponseCodec.decode(W3CHttpResponseCodec.java:53)
at org.openqa.selenium.remote.HttpCommandExecutor.execute(HttpCommandExecutor.java:184)
at org.openqa.selenium.remote.service.DriverCommandExecutor.invokeExecute(DriverCommandExecutor.java:167)
at org.openqa.selenium.remote.service.DriverCommandExecutor.execute(DriverCommandExecutor.java:142)
at org.openqa.selenium.remote.RemoteWebDriver.execute(RemoteWebDriver.java:547)
at org.openqa.selenium.remote.RemoteWebElement.execute(RemoteWebElement.java:257)
at org.openqa.selenium.remote.RemoteWebElement.isDisplayed(RemoteWebElement.java:313)
at org.openqa.selenium.support.ui.ExpectedConditions.elementIfVisible(ExpectedConditions.java:307)
at org.openqa.selenium.support.ui.ExpectedConditions.access$000(ExpectedConditions.java:40)
at org.openqa.selenium.support.ui.ExpectedConditions$10.apply(ExpectedConditions.java:293)
at org.openqa.selenium.support.ui.ExpectedConditions$10.apply(ExpectedConditions.java:290)
at org.openqa.selenium.support.ui.FluentWait.until(FluentWait.java:208)
at com.vam.pages.HomePage.verifyAlertCases(HomePage.java:83)
at com.vam.TestCases.HomePageTestCases.verify_AlertCases(HomePageTestCases.java:53)
at java.base/java.util.ArrayList.forEach(ArrayList.java:1511)
... Removed 32 stack frames]]>
    </failure>
  </testcase> <!-- verify_AlertCases -->
  <testcase classname="com.vam.TestCases.HomePageTestCases" name="verify_PendingItems" time="3.025"/>
  <testcase classname="com.vam.TestCases.HomePageTestCases" name="verify_PendingItemsCases" time="11.141"/>
  <testcase classname="com.vam.TestCases.AgentPageTestCases" name="check_NewAgentButton" time="1.375"/>
  <testcase classname="com.vam.TestCases.AgentPageTestCases" name="click_NewAgentButton" time="1.375"/>
  <testcase classname="com.vam.TestCases.AgentPageTestCases" name="verify_ErrorOnBlankMantoryFields" time="21.087"/>
  <testcase classname="com.vam.TestCases.AgentPageTestCases" name="verify_AddNewAgent" time="12.425"/>
  <testcase classname="com.vam.TestCases.AgentPageTestCases" name="verify_addingInvalidDataonNewAgentPopup" time="17.46"/>
  <testcase classname="com.vam.TestCases.AgentPageTestCases" name="verify_CancleButton" time="6.592"/>
  <testcase classname="com.vam.TestCases.AgentPageTestCases" name="verify_EditAgent" time="11.945"/>
  <testcase classname="com.vam.TestCases.MemberPageTestCases" name="check_NewMemberButton" time="1.132"/>
  <testcase classname="com.vam.TestCases.MemberPageTestCases" name="click_NewMemberButton" time="1.969"/>
  <testcase classname="com.vam.TestCases.MemberPageTestCases" name="verify_ErrorOnBlankMantoryFields" time="5.907"/>
  <testcase classname="com.vam.TestCases.MemberPageTestCases" name="check_AddMemberCoverageButton" time="18.131"/>
  <testcase classname="com.vam.TestCases.MemberPageTestCases" name="check_AddMemberCoverage_Blankerror" time="25.198"/>
  <testcase classname="com.vam.TestCases.MemberPageTestCases" name="Add_MemberCoverage" time="30.71"/>
  <testcase classname="com.vam.TestCases.MemberPageTestCases" name="check_Add_Address_MemberCoverage_blankerror" time="22.099"/>
  <testcase classname="com.vam.TestCases.MemberPageTestCases" name="verify_Add_Address_MemberCoverage" time="39.193"/>
  <testcase classname="com.vam.TestCases.MemberPageTestCases" name="verify_Add_Coverage_Address_OnNewMemberwindow" time="38.919"/>
  <testcase classname="com.vam.TestCases.MemberPageTestCases" name="verify_edit_Member_Information" time="7.024"/>
  <testcase classname="com.vam.TestCases.MemberPageTestCases" name="verify_Edit_Member_Information_BlankError" time="10.712"/>
  <testcase classname="com.vam.TestCases.AuthorizationPageTestCases" name="verify_add_new_Authorization" time="13.925"/>
  <testcase classname="com.vam.TestCases.LoginPageTestCase" name="testforgotlink" time="0.0">
    <ignored/>
  </testcase> <!-- testforgotlink -->
</testsuite> <!-- Regression Test -->
